Log file open, 02/21/18 11:00:44
LogInit:Display: Running engine for game: SideScrollGame1
LogPlatformFile: Not using cached read wrapper
LogInit:Display: RandInit(-2122118553) SRandInit(-2122118553).
LogTaskGraph: Started task graph with 5 named threads and 8 total threads with 1 sets of task threads.
LogStats: Stats thread started at 0.095168
LogInit: Using libcurl 7.47.1
LogInit:  - built for x86_64-pc-win32
LogInit:  - supports SSL with OpenSSL/1.0.2g
LogInit:  - supports HTTP deflate (compression) using libz 1.2.8
LogInit:  - other features:
LogInit:      CURL_VERSION_SSL
LogInit:      CURL_VERSION_LIBZ
LogInit:      CURL_VERSION_IPV6
LogInit:      CURL_VERSION_ASYNCHDNS
LogInit:      CURL_VERSION_LARGEFILE
LogInit:      CURL_VERSION_IDN
LogInit:  CurlRequestOptions (configurable via config and command line):
LogInit:  - bVerifyPeer = false  - Libcurl will NOT verify peer certificate
LogInit:  - bUseHttpProxy = false  - Libcurl will NOT use HTTP proxy
LogInit:  - bDontReuseConnections = false  - Libcurl will reuse connections
LogInit:  - CertBundlePath = nullptr  - Libcurl will use whatever was configured at build time.
LogInit: Build: ++UE4+Release-4.15-CL-3450819
LogInit: Engine Version: 4.15.3-3450819+++UE4+Release-4.15
LogInit: Compatible Engine Version: 4.15.0-3299760+++UE4+Release-4.15
LogInit: Net CL: 3299760
LogDevObjectVersion: Number of dev versions registered: 14
LogDevObjectVersion:   Dev-Blueprints (B0D832E4-1F89-4F0D-ACCF-7EB736FD4AA2): 8
LogDevObjectVersion:   Dev-Build (E1C64328-A22C-4D53-A36C-8E866417BD8C): 0
LogDevObjectVersion:   Dev-Core (375EC13C-06E4-48FB-B500-84F0262A717E): 2
LogDevObjectVersion:   Dev-Editor (E4B068ED-F494-42E9-A231-DA0B2E46BB41): 14
LogDevObjectVersion:   Dev-Framework (CFFC743F-43B0-4480-9391-14DF171D2073): 22
LogDevObjectVersion:   Dev-Mobile (B02B49B5-BB20-44E9-A304-32B752E40360): 0
LogDevObjectVersion:   Dev-Networking (A4E4105C-59A1-49B5-A7C5-40C4547EDFEE): 0
LogDevObjectVersion:   Dev-Online (39C831C9-5AE6-47DC-9A44-9C173E1C8E7C): 0
LogDevObjectVersion:   Dev-Physics (78F01B33-EBEA-4F98-B9B4-84EACCB95AA2): 0
LogDevObjectVersion:   Dev-Platform (6631380F-2D4D-43E0-8009-CF276956A95A): 0
LogDevObjectVersion:   Dev-Rendering (12F88B9F-8875-4AFC-A67C-D90C383ABD29): 12
LogDevObjectVersion:   Dev-Sequencer (7B5AE74C-D270-4C10-A958-57980B212A5A): 3
LogDevObjectVersion:   Dev-VR (D7296918-1DD6-4BDD-9DE2-64A83CC13884): 0
LogDevObjectVersion:   Dev-LoadTimes (C2A15278-BFE7-4AFE-6C17-90FF531DF755): 1
LogInit: Compiled (64-bit): May 21 2017 11:02:34
LogInit: Compiled with Visual C++: 19.00.23026.00
LogInit: Build Configuration: Development
LogInit: Branch Name: ++UE4+Release-4.15
LogInit: Command line:  
LogInit: Base directory: g:/Program Files/Epic Games/UE_4.15/Engine/Binaries/Win64/
LogInit: Installed Engine Build: 1
LogInit: Presizing for max 8388607 objects, including 0 objects not considered by GC, pre-allocating 0 bytes for permanent pool.
LogInit: Object subsystem initialized
[2018.02.21-02.00.45:520][  0]LogInit: Selected Device Profile: [Windows]
[2018.02.21-02.00.45:520][  0]LogInit: Applying CVar settings loaded from the selected device profile: [Windows]
[2018.02.21-02.00.45:530][  0]LogInit: Computer: HDH-PC
[2018.02.21-02.00.45:530][  0]LogInit: User: hdh
[2018.02.21-02.00.45:530][  0]LogInit: CPU Page size=65536, Cores=4
[2018.02.21-02.00.45:530][  0]LogInit: High frequency timer resolution =3.234638 MHz
[2018.02.21-02.00.45:531][  0]LogMemory: Memory total: Physical=15.9GB (16GB approx)
[2018.02.21-02.00.45:531][  0]LogMemory: Platform Memory Stats for Windows
[2018.02.21-02.00.45:531][  0]LogMemory: Process Physical Memory: 263.59 MB used, 263.59 MB peak
[2018.02.21-02.00.45:531][  0]LogMemory: Process Virtual Memory: 263.87 MB used, 263.87 MB peak
[2018.02.21-02.00.45:531][  0]LogMemory: Physical Memory: 8157.00 MB used,  8147.66 MB free, 16304.65 MB total
[2018.02.21-02.00.45:531][  0]LogMemory: Virtual Memory: 632.10 MB used,  8147.66 MB free, 8388608.00 MB total
[2018.02.21-02.00.45:610][  0]LogInit: Overriding culture en with editor configuration.
[2018.02.21-02.00.46:342][  0]LogD3D11RHI: D3D11 adapters:
[2018.02.21-02.00.46:380][  0]LogD3D11RHI:    0. 'NVIDIA GeForce GTX 1060 3GB' (Feature Level 11_0)
[2018.02.21-02.00.46:380][  0]LogD3D11RHI:       2986/0/7896 MB DedicatedVideo/DedicatedSystem/SharedSystem, Outputs:1, VendorId:0x10de
[2018.02.21-02.00.46:380][  0]LogD3D11RHI: Chosen D3D11 Adapter: 0
[2018.02.21-02.00.46:389][  0]LogD3D11RHI: Creating new Direct3DDevice
[2018.02.21-02.00.46:390][  0]LogD3D11RHI:     GPU DeviceId: 0x1c02 (for the marketing name, search the web for "GPU Device Id")
[2018.02.21-02.00.46:390][  0]LogWindows: EnumDisplayDevices:
[2018.02.21-02.00.46:390][  0]LogWindows:    0. 'NVIDIA GeForce GTX 1060 3GB' (P:1 D:1)
[2018.02.21-02.00.46:391][  0]LogWindows:    1. 'NVIDIA GeForce GTX 1060 3GB' (P:0 D:0)
[2018.02.21-02.00.46:391][  0]LogWindows:    2. 'NVIDIA GeForce GTX 1060 3GB' (P:0 D:0)
[2018.02.21-02.00.46:392][  0]LogWindows:    3. 'NVIDIA GeForce GTX 1060 3GB' (P:0 D:0)
[2018.02.21-02.00.46:392][  0]LogWindows:    4. 'RDPDD Chained DD' (P:0 D:0)
[2018.02.21-02.00.46:393][  0]LogWindows:    5. 'RDP Encoder Mirror Driver' (P:0 D:0)
[2018.02.21-02.00.46:393][  0]LogWindows:    6. 'RDP Reflector Display Driver' (P:0 D:0)
[2018.02.21-02.00.46:394][  0]LogWindows: DebugString: GetVideoDriverDetailsInvalid PrimaryIsNotTheChoosenAdapter GetVideoDriverDetailsInvalid PrimaryIsNotTheChoosenAdapter GetVideoDriverDetailsInvalid PrimaryIsNotTheChoosenAdapter FoundDriverCount:4 
[2018.02.21-02.00.46:394][  0]LogD3D11RHI:     Adapter Name: NVIDIA GeForce GTX 1060 3GB
[2018.02.21-02.00.46:394][  0]LogD3D11RHI:   Driver Version: 388.13 (internal:23.21.13.8813, unified:388.13)
[2018.02.21-02.00.46:394][  0]LogD3D11RHI:      Driver Date: 10-27-2017
[2018.02.21-02.00.46:394][  0]LogRHI: Texture pool is 1361 MB (70% of 1945 MB)
[2018.02.21-02.00.46:407][  0]LogD3D11RHI: Async texture creation enabled
[2018.02.21-02.00.46:424][  0]LogD3D11RHI: GPU Timing Frequency: 1000.000000 (Debug: 2 2)
[2018.02.21-02.00.46:474][  0]LogShaderCompilers: Guid format shader working directory is -38 characters bigger than the processId version (E:/UnrealProjectss/SideScrollGame3D/1/SideScrollGame8 - Importing Character Model/Intermediate/Shaders/WorkingDirectory/16236/).
[2018.02.21-02.00.46:474][  0]LogShaderCompilers: Cleaned the shader compiler working directory 'C:/Users/hdh/AppData/Local/Temp/UnrealShaderWorkingDir/FDF4392C4D467A1574382C956CC90D3C/'.
[2018.02.21-02.00.46:475][  0]LogShaderCompilers:Display: Using Local Shader Compiler.
[2018.02.21-02.00.47:564][  0]LogTemp:Display: Loaded TP AllDesktopTargetPlatform
[2018.02.21-02.00.47:610][  0]LogTemp:Display: Loaded TP MacClientTargetPlatform
[2018.02.21-02.00.47:658][  0]LogTemp:Display: Loaded TP MacNoEditorTargetPlatform
[2018.02.21-02.00.47:703][  0]LogTemp:Display: Loaded TP MacServerTargetPlatform
[2018.02.21-02.00.47:747][  0]LogTemp:Display: Loaded TP MacTargetPlatform
[2018.02.21-02.00.47:799][  0]LogTemp:Display: Loaded TP WindowsClientTargetPlatform
[2018.02.21-02.00.47:853][  0]LogTemp:Display: Loaded TP WindowsNoEditorTargetPlatform
[2018.02.21-02.00.47:900][  0]LogTemp:Display: Loaded TP WindowsServerTargetPlatform
[2018.02.21-02.00.47:945][  0]LogTemp:Display: Loaded TP WindowsTargetPlatform
[2018.02.21-02.00.47:995][  0]LogTemp:Display: Loaded TP AndroidTargetPlatform
[2018.02.21-02.00.48:043][  0]LogTemp:Display: Loaded TP Android_ASTCTargetPlatform
[2018.02.21-02.00.48:088][  0]LogTemp:Display: Loaded TP Android_ATCTargetPlatform
[2018.02.21-02.00.48:138][  0]LogTemp:Display: Loaded TP Android_DXTTargetPlatform
[2018.02.21-02.00.48:183][  0]LogTemp:Display: Loaded TP Android_ETC1TargetPlatform
[2018.02.21-02.00.48:228][  0]LogTemp:Display: Loaded TP Android_ETC2TargetPlatform
[2018.02.21-02.00.48:321][  0]LogTemp:Display: Loaded TP Android_MultiTargetPlatform
[2018.02.21-02.00.48:321][  0]LogTemp:Display: Loaded TP Android_PVRTCTargetPlatform
[2018.02.21-02.00.48:353][  0]LogTemp:Display: Loaded TP HTML5TargetPlatform
[2018.02.21-02.00.48:435][  0]LogTemp:Display: Loaded TP IOSTargetPlatform
[2018.02.21-02.00.48:472][  0]LogTemp:Display: Loaded TP TVOSTargetPlatform
[2018.02.21-02.00.48:516][  0]LogTemp:Display: Loaded TP LinuxClientTargetPlatform
[2018.02.21-02.00.48:566][  0]LogTemp:Display: Loaded TP LinuxNoEditorTargetPlatform
[2018.02.21-02.00.48:611][  0]LogTemp:Display: Loaded TP LinuxServerTargetPlatform
[2018.02.21-02.00.48:658][  0]LogTemp:Display: Loaded TP LinuxTargetPlatform
[2018.02.21-02.00.48:658][  0]LogTargetPlatformManager:Display: Building Assets For Windows
[2018.02.21-02.00.49:245][  0]LogDerivedDataCache:Display: Max Cache Size: 512 MB
[2018.02.21-02.00.49:339][  0]LogDerivedDataCache: Loaded boot cache 0.09s 50MB C:/Users/hdh/AppData/Local/UnrealEngine/4.15/DerivedDataCache/Boot.ddc.
[2018.02.21-02.00.49:339][  0]LogDerivedDataCache:Display: Loaded Boot cache: C:/Users/hdh/AppData/Local/UnrealEngine/4.15/DerivedDataCache/Boot.ddc
[2018.02.21-02.00.49:339][  0]LogDerivedDataCache: FDerivedDataBackendGraph:  Pak pak cache file E:/UnrealProjectss/SideScrollGame3D/1/SideScrollGame8 - Importing Character Model/DerivedDataCache/DDC.ddp not found, will not use a pak cache.
[2018.02.21-02.00.49:339][  0]LogDerivedDataCache: Unable to find inner node Pak for hierarchical cache Hierarchy.
[2018.02.21-02.00.49:339][  0]LogDerivedDataCache: FDerivedDataBackendGraph:  CompressedPak pak cache file E:/UnrealProjectss/SideScrollGame3D/1/SideScrollGame8 - Importing Character Model/DerivedDataCache/Compressed.ddp not found, will not use a pak cache.
[2018.02.21-02.00.49:339][  0]LogDerivedDataCache: Unable to find inner node CompressedPak for hierarchical cache Hierarchy.
[2018.02.21-02.00.49:367][  0]LogDerivedDataCache:Display: Pak cache opened for reading ../../../Engine/DerivedDataCache/Compressed.ddp.
[2018.02.21-02.00.49:381][  0]LogDerivedDataCache: Using Local data cache path C:/Users/hdh/AppData/Local/UnrealEngine/Common/DerivedDataCache: Writable
[2018.02.21-02.00.49:407][  0]LogSlate: Using Freetype 2.6.0
[2018.02.21-02.00.49:407][  0]LogSlate: SlateFontCache - WITH_FREETYPE: 1, WITH_HARFBUZZ: 1
[2018.02.21-02.00.49:407][  0]LogSlate: SlateFontCache - WITH_FREETYPE: 1, WITH_HARFBUZZ: 1
[2018.02.21-02.00.49:949][  0]LogInit: Selected Device Profile: [Windows]
[2018.02.21-02.00.49:952][  0]LogContentStreaming: Texture pool size is 0.00 MB
[2018.02.21-02.00.50:215][  0]LogMeshUtilities: Using QuadricMeshReduction for automatic static mesh reduction
[2018.02.21-02.00.50:266][  0]LogSimplygon: Simplygon DLL not present - disabling.
[2018.02.21-02.00.50:310][  0]LogMeshUtilities: Using SimplygonSwarm for distributed automatic mesh merging
[2018.02.21-02.00.50:310][  0]LogMeshUtilities: No automatic skeletal mesh reduction module available
[2018.02.21-02.00.50:310][  0]LogMeshUtilities: No automatic mesh merging module available
[2018.02.21-02.00.51:039][  0]LogNetVersion: GetLocalNetworkVersion: CL: 3299760, ProjectName: sidescrollgame1, ProjectVersion: , EngineNetworkVersion: 2, GameNetworkVersion: 0, NetworkChecksum: 1148678221
[2018.02.21-02.00.51:095][  0]LogAssetRegistry: FAssetRegistry took 0.0374 seconds to start up
[2018.02.21-02.00.51:144][  0]LogPackageLocalizationCache: Processed 3 localized package path(s) for 1 prioritized culture(s) in 0.034854 seconds
[2018.02.21-02.00.51:150][  0]LogUObjectArray: 32493 objects as part of root set at end of initial load.
[2018.02.21-02.00.51:150][  0]LogUObjectAllocator: 7077024 out of 0 bytes used by permanent object pool.
[2018.02.21-02.00.51:150][  0]LogUObjectArray: CloseDisregardForGC: 0/0 objects in disregard for GC pool
[2018.02.21-02.00.51:187][  0]LogInit: WinSock: version 1.1 (2.2), MaxSocks=32767, MaxUdp=65467
[2018.02.21-02.00.52:627][  0]LogTcpMessaging: Initializing TcpMessaging bridge
[2018.02.21-02.00.52:658][  0]LogUdpMessaging: Initializing bridge on interface 0.0.0.0:0 to multicast group 230.0.0.1:6666.
[2018.02.21-02.00.53:070][  0]LogMaterial: Uniform references updated for custom material expression Custom.
[2018.02.21-02.00.53:389][  0]SourceControl: Info Source control is disabled
[2018.02.21-02.00.53:422][  0]SourceControl: Info Source control is disabled
[2018.02.21-02.00.53:486][  0]SourceControl: Info Source control is disabled
[2018.02.21-02.00.53:522][  0]SourceControl: Info Source control is disabled
[2018.02.21-02.00.54:509][  0]LogEngine: Initializing Engine...
[2018.02.21-02.00.54:510][  0]LogHMD: Failed to initialize OpenVR with code 101
[2018.02.21-02.00.54:639][  0]LogStats: UGameplayTagsManager::ConstructGameplayTagTree: Construct from data asset -  0.000 s
[2018.02.21-02.00.54:639][  0]LogStats: UGameplayTagsManager::ConstructGameplayTagTree: GameplayTagTreeChangedEvent.Broadcast -  0.000 s
[2018.02.21-02.00.54:739][  0]LogAIModule: Creating AISystem for world Untitled
[2018.02.21-02.00.54:827][  0]LogInit: XAudio2 using '스피커(2- Sound BlasterX G5)' : 8 channels at 48 kHz using 24 bits per sample (channel mask 0x63f)
[2018.02.21-02.00.54:960][  0]LogInit: FAudioDevice initialized.
[2018.02.21-02.00.54:995][  0]LogDerivedDataCache: Saved boot cache 0.04s 50MB C:/Users/hdh/AppData/Local/UnrealEngine/4.15/DerivedDataCache/Boot.ddc.
[2018.02.21-02.00.55:001][  0]LogInit: Texture streaming: Enabled
[2018.02.21-02.00.55:072][  0]LogEngineSessionManager: EngineSessionManager initialized
[2018.02.21-02.00.55:148][  0]LogInit: Transaction tracking system initialized
[2018.02.21-02.00.55:419][  0]BlueprintLog: New page: Editor Load
[2018.02.21-02.00.56:084][  0]LocalizationService: Info Localization service is disabled
[2018.02.21-02.00.56:596][  0]LogConsoleResponse:Display: 
[2018.02.21-02.00.56:723][  0]LogCook:Display: Max memory allowance for cook 16384mb min free memory 0mb
[2018.02.21-02.00.56:723][  0]LogCook:Display: Mobile HDR setting 1
[2018.02.21-02.00.57:544][  0]LogFileCache: Scanning file cache for directory 'E:/UnrealProjectss/SideScrollGame3D/1/SideScrollGame8 - Importing Character Model/Content/' took 0.02s
[2018.02.21-02.00.57:589][  0]SourceControl: Info Source control is disabled
[2018.02.21-02.00.57:589][  0]Cmd: MAP LOAD FILE="E:/UnrealProjectss/SideScrollGame3D/1/SideScrollGame8 - Importing Character Model/Content/StarterContent/Maps/Minimal_Default.umap" TEMPLATE=0 SHOWPROGRESS=1 FEATURELEVEL=3
[2018.02.21-02.00.57:790][  0]LightingResults: New page: Lighting Build
[2018.02.21-02.00.57:824][  0]MapCheck: New page: Map Check
[2018.02.21-02.00.57:824][  0]LightingResults: New page: Lighting Build
[2018.02.21-02.00.58:559][  0]LogAIModule: Creating AISystem for world Minimal_Default
[2018.02.21-02.00.58:589][  0]LogEditorServer: Finished looking for orphan Actors (0.000 secs)
[2018.02.21-02.00.58:590][  0]Cmd: MAP CHECKDEP NOCLEARLOG
[2018.02.21-02.00.58:639][  0]MapCheck: Info Map check complete: 0 Error(s), 0 Warning(s), took 49.442ms to complete.
[2018.02.21-02.00.58:639][  0]LogFileHelpers: Loading map 'Minimal_Default' took 1.051
[2018.02.21-02.00.58:819][  0]LogCollectionManager: Loaded 0 collections in 0.001232 seconds
[2018.02.21-02.00.58:868][  0]LogFileCache: Scanning file cache for directory 'E:/UnrealProjectss/SideScrollGame3D/1/SideScrollGame8 - Importing Character Model/Saved/Collections/' took 0.01s
[2018.02.21-02.00.58:868][  0]LogFileCache: Scanning file cache for directory 'E:/UnrealProjectss/SideScrollGame3D/1/SideScrollGame8 - Importing Character Model/Content/Developers/hdh/Collections/' took 0.00s
[2018.02.21-02.00.58:868][  0]LogFileCache: Scanning file cache for directory 'E:/UnrealProjectss/SideScrollGame3D/1/SideScrollGame8 - Importing Character Model/Content/Collections/' took 0.00s
[2018.02.21-02.00.58:868][  0]LogCollectionManager: Rebuilt the GUID cache for 0 collections in 0.000002 seconds
[2018.02.21-02.00.58:876][  0]LogContentBrowser: Native class hierarchy populated in 0.0080 seconds. Added 2245 classes and 453 folders.
[2018.02.21-02.00.58:923][  0]LogContentBrowser: Native class hierarchy updated for 'WidgetCarousel' in 0.0005 seconds. Added 0 classes and 0 folders.
[2018.02.21-02.00.58:963][  0]LogContentBrowser: Native class hierarchy updated for 'AddContentDialog' in 0.0005 seconds. Added 0 classes and 0 folders.
[2018.02.21-02.00.58:998][  0]LogContentBrowser: Native class hierarchy updated for 'SceneOutliner' in 0.0005 seconds. Added 1 classes and 2 folders.
[2018.02.21-02.00.59:123][  0]LogCrashTracker: Crashtracker disabled due to settings.
[2018.02.21-02.00.59:134][  0]LogUObjectGlobals:Warning: Failed to find object 'Class None.'
[2018.02.21-02.00.59:202][  0]LogContentBrowser: Native class hierarchy updated for 'HierarchicalLODOutliner' in 0.0007 seconds. Added 1 classes and 2 folders.
[2018.02.21-02.00.59:202][  0]LogLoad: (Engine Initialization) Total time: 16.18 seconds
[2018.02.21-02.00.59:202][  0]LogLoad: (Engine Initialization) Total Blueprint compile time: 0.10 seconds
[2018.02.21-02.00.59:202][  0]LogExternalProfiler: Found external profiler: VSPerf
[2018.02.21-02.00.59:202][  0]LogExternalProfiler: Using external profiler: VSPerf
[2018.02.21-02.00.59:542][  0]LogOcInput: OculusInput pre-init called
[2018.02.21-02.00.59:565][  0]LogContentStreaming: Texture pool size now 1000 MB
[2018.02.21-02.00.59:566][  0]LogSlate: Took 0.000353 seconds to synchronously load lazily loaded font '../../../Engine/Content/Slate/Fonts/Roboto-Regular.ttf' (155K)
[2018.02.21-02.00.59:571][  0]LogSlate: Took 0.000379 seconds to synchronously load lazily loaded font '../../../Engine/Content/Slate/Fonts/Roboto-Bold.ttf' (160K)
[2018.02.21-02.00.59:735][  0]LogRenderer: Reallocating scene render targets to support 1076x488 NumSamples 1 (Frame:2).
[2018.02.21-02.00.59:883][  1]LogAssetRegistry: Asset discovery search completed in 8.8248 seconds
[2018.02.21-02.00.59:883][  1]LogCollectionManager: Rebuilt the object cache for 0 collections in 0.000006 seconds (found 0 objects)
[2018.02.21-02.00.59:883][  1]LogCollectionManager: Fixed up redirectors for 0 collections in 0.000021 seconds (updated 0 objects)
[2018.02.21-02.01.04:891][ 16]LogSlate: Took 0.005056 seconds to synchronously load lazily loaded font '../../../Engine/Content/Editor/Slate/Fonts/FontAwesome.ttf' (139K)
[2018.02.21-02.01.04:935][ 16]LogSlate: Took 0.000150 seconds to synchronously load lazily loaded font '../../../Engine/Content/Slate/Fonts/Roboto-Light.ttf' (159K)
[2018.02.21-02.01.09:072][348]LogSlate: Took 0.000218 seconds to synchronously load lazily loaded font '../../../Engine/Content/Slate/Fonts/Roboto-Light.ttf' (159K)
[2018.02.21-02.01.09:321][348]LogTexture:Display: Building textures: Paladin_diffuse (AutoDXT, 2048X2048) - 129 MB total VRAM
[2018.02.21-02.01.10:982][348]LogTexture:Display: Building textures: Paladin_specular (AutoDXT, 2048X2048) - 129 MB total VRAM
[2018.02.21-02.01.12:768][348]LogTexture:Display: Building textures: Paladin_normal (BC5, 2048X2048) - 129 MB total VRAM
[2018.02.21-02.01.13:438][348]LogMaterial: Missing cached shader map for material Paladin_MAT, compiling. 
[2018.02.21-02.01.13:443][348]LogTemp:Display: Added material ShaderMap 0x000000004734FC80 with Material 0x000000005C2AFD00 to ShaderMapsBeingCompiled
[2018.02.21-02.01.13:503][348]LogTemp:Display: Kicking off shader compilation for Paladin_MAT, GameThreadShaderMap 0x000000004734FC80
[2018.02.21-02.01.13:514][348]LogAIModule: Creating AISystem for world MoveCubeActor
[2018.02.21-02.01.13:538][348]Cmd: MAP LOAD FILE="E:/UnrealProjectss/SideScrollGame3D/1/SideScrollGame8 - Importing Character Model/Content/Maps/MoveCubeActor.umap" TEMPLATE=0 SHOWPROGRESS=1 FEATURELEVEL=3
[2018.02.21-02.01.13:538][348]LightingResults: New page: Lighting Build
[2018.02.21-02.01.13:539][348]LoadErrors: New page: Loading map: MoveCubeActor.umap
[2018.02.21-02.01.13:541][348]MapCheck: New page: Map Check
[2018.02.21-02.01.13:541][348]LightingResults: New page: Lighting Build
[2018.02.21-02.01.13:633][348]LogEditorServer: Finished looking for orphan Actors (0.000 secs)
[2018.02.21-02.01.13:652][348]Cmd: MAP CHECKDEP NOCLEARLOG
[2018.02.21-02.01.13:691][348]MapCheck: Info Map check complete: 0 Error(s), 0 Warning(s), took 38.267ms to complete.
[2018.02.21-02.01.13:691][348]LogFileHelpers: Loading map 'MoveCubeActor' took 0.154
[2018.02.21-02.01.16:057][453]LogTemp: Repeting last play command: Selected Viewport
[2018.02.21-02.01.16:068][453]LogPlayLevel: PlayLevel: No blueprints needed recompiling
[2018.02.21-02.01.16:073][453]PIE: New page: PIE session: MoveCubeActor (Feb 21, 2018, 8:01:16 PM)
[2018.02.21-02.01.16:073][453]LogPlayLevel: Creating play world package: /Game/Maps/UEDPIE_0_MoveCubeActor
[2018.02.21-02.01.16:077][453]LogPlayLevel: PIE: StaticDuplicateObject took: (0.003470s)
[2018.02.21-02.01.16:078][453]LogAIModule: Creating AISystem for world MoveCubeActor
[2018.02.21-02.01.16:078][453]LogPlayLevel: PIE: World Init took: (0.000869s)
[2018.02.21-02.01.16:078][453]LogPlayLevel: PIE: Created PIE world by copying editor world from /Game/Maps/MoveCubeActor.MoveCubeActor to /Game/Maps/UEDPIE_0_MoveCubeActor.MoveCubeActor (0.004896s)
[2018.02.21-02.01.16:124][453]LogInit: XAudio2 using '스피커(2- Sound BlasterX G5)' : 8 channels at 48 kHz using 24 bits per sample (channel mask 0x63f)
[2018.02.21-02.01.16:220][453]LogInit: FAudioDevice initialized.
[2018.02.21-02.01.16:378][453]LogLoad: Game class is 'GameModeBase'
[2018.02.21-02.01.16:396][453]LogWorld: Bringing World /Game/Maps/UEDPIE_0_MoveCubeActor.MoveCubeActor up for play (max tick rate 0) at 2018.02.21-11.01.16
[2018.02.21-02.01.16:397][453]LogWorld: Bringing up level for play took: 0.002011
[2018.02.21-02.01.16:428][453]LogContentBrowser: Native class hierarchy updated for 'MovieSceneCapture' in 0.0006 seconds. Added 11 classes and 0 folders.
[2018.02.21-02.01.16:429][453]PIE: Info Play in editor start time for /Game/Maps/UEDPIE_0_MoveCubeActor 1.106
[2018.02.21-02.01.23:401][142]LogTemp:Display: Finished compile of shader map 0x000000004734FC80
[2018.02.21-02.01.23:401][142]LogTemp:Display: Shader map Paladin_MAT complete, GameThreadShaderMap 0x000000004734FC80, marking material Paladin_MAT as finished
[2018.02.21-02.01.23:401][142]LogTemp:Display: Marking material as finished 0x000000005C2AFD00
[2018.02.21-02.03.44:499][886]Cmd: QUIT_EDITOR
[2018.02.21-02.03.44:567][886]LogExit: Preparing to exit.
[2018.02.21-02.03.44:815][886]LogExit: Editor shut down
[2018.02.21-02.03.44:816][886]LogExit: Transaction tracking system shut down
[2018.02.21-02.03.44:867][886]LogObj: Freed 0b from 0 cluster array pools.
[2018.02.21-02.03.44:867][886]LogExit: Object subsystem successfully closed.
[2018.02.21-02.03.44:885][886]LogD3D11RHI: Shutdown
[2018.02.21-02.03.44:885][886]LogD3D11RHI: CleanupD3DDevice
[2018.02.21-02.03.44:967][886]LogD3D11RHI: ~FD3D11DynamicRHI
[2018.02.21-02.03.44:976][886]LogModuleManager: Shutting down and abandoning module MovieSceneCapture (500)
[2018.02.21-02.03.44:976][886]LogModuleManager: Shutting down and abandoning module HierarchicalLODOutliner (498)
[2018.02.21-02.03.44:976][886]LogModuleManager: Shutting down and abandoning module CrashTracker (496)
[2018.02.21-02.03.44:976][886]LogModuleManager: Shutting down and abandoning module SceneOutliner (494)
[2018.02.21-02.03.44:976][886]LogModuleManager: Shutting down and abandoning module AddContentDialog (492)
[2018.02.21-02.03.44:976][886]LogDirectoryWatcher: A directory notification for 'g:/Program Files/Epic Games/UE_4.15/FeaturePacks/' was aborted.
[2018.02.21-02.03.44:976][886]LogModuleManager: Shutting down and abandoning module WidgetCarousel (491)
[2018.02.21-02.03.44:976][886]LogModuleManager: Shutting down and abandoning module EditorWidgets (488)
[2018.02.21-02.03.44:976][886]LogModuleManager: Shutting down and abandoning module CollectionManager (486)
[2018.02.21-02.03.44:976][886]LogDirectoryWatcher: A directory notification for 'E:/UnrealProjectss/SideScrollGame3D/1/SideScrollGame8 - Importing Character Model/Content/Collections/' was aborted.
[2018.02.21-02.03.44:976][886]LogDirectoryWatcher: A directory notification for 'E:/UnrealProjectss/SideScrollGame3D/1/SideScrollGame8 - Importing Character Model/Content/Developers/hdh/Collections/' was aborted.
[2018.02.21-02.03.44:976][886]LogDirectoryWatcher: A directory notification for 'E:/UnrealProjectss/SideScrollGame3D/1/SideScrollGame8 - Importing Character Model/Saved/Collections/' was aborted.
[2018.02.21-02.03.44:977][886]LogModuleManager: Shutting down and abandoning module StatsViewer (484)
[2018.02.21-02.03.44:977][886]LogModuleManager: Shutting down and abandoning module FoliageEdit (482)
[2018.02.21-02.03.44:977][886]LogModuleManager: Shutting down and abandoning module LandscapeEditor (480)
[2018.02.21-02.03.44:977][886]LogModuleManager: Shutting down and abandoning module SceneDepthPickerMode (478)
[2018.02.21-02.03.44:977][886]LogModuleManager: Shutting down and abandoning module ActorPickerMode (476)
[2018.02.21-02.03.44:977][886]LogModuleManager: Shutting down and abandoning module GeometryMode (474)
[2018.02.21-02.03.44:977][886]LogModuleManager: Shutting down and abandoning module TextureAlignMode (472)
[2018.02.21-02.03.44:977][886]LogModuleManager: Shutting down and abandoning module BspMode (470)
[2018.02.21-02.03.44:977][886]LogModuleManager: Shutting down and abandoning module HardwareSurvey (468)
[2018.02.21-02.03.44:977][886]LogModuleManager: Shutting down and abandoning module SequenceRecorderSections (466)
[2018.02.21-02.03.44:977][886]LogModuleManager: Shutting down and abandoning module AutomationWorker (464)
[2018.02.21-02.03.44:977][886]LogModuleManager: Shutting down and abandoning module MatineeToLevelSequence (462)
[2018.02.21-02.03.44:977][886]LogModuleManager: Shutting down and abandoning module LevelSequenceEditor (460)
[2018.02.21-02.03.44:977][886]LogModuleManager: Shutting down and abandoning module PlacementMode (459)
[2018.02.21-02.03.44:977][886]LogModuleManager: Shutting down and abandoning module WmfMediaFactory (456)
[2018.02.21-02.03.44:977][886]LogModuleManager: Shutting down and abandoning module WmfMediaEditor (454)
[2018.02.21-02.03.44:977][886]LogModuleManager: Shutting down and abandoning module MfMediaFactory (452)
[2018.02.21-02.03.44:977][886]LogModuleManager: Shutting down and abandoning module MfMediaEditor (450)
[2018.02.21-02.03.44:977][886]LogModuleManager: Shutting down and abandoning module AvfMediaFactory (448)
[2018.02.21-02.03.44:977][886]LogModuleManager: Shutting down and abandoning module AvfMediaEditor (446)
[2018.02.21-02.03.44:977][886]LogModuleManager: Shutting down and abandoning module AndroidMediaFactory (444)
[2018.02.21-02.03.44:977][886]LogModuleManager: Shutting down and abandoning module Media (443)
[2018.02.21-02.03.44:977][886]LogModuleManager: Shutting down and abandoning module AndroidMediaEditor (440)
[2018.02.21-02.03.44:977][886]LogModuleManager: Shutting down and abandoning module CharacterAI (438)
[2018.02.21-02.03.44:977][886]LogModuleManager: Shutting down and abandoning module AudioCapture (436)
[2018.02.21-02.03.44:977][886]LogModuleManager: Shutting down and abandoning module SequenceRecorder (435)
[2018.02.21-02.03.44:977][886]LogModuleManager: Shutting down and abandoning module SmartSnapping (432)
[2018.02.21-02.03.44:977][886]LogModuleManager: Shutting down and abandoning module SessionServices (430)
[2018.02.21-02.03.44:977][886]LogModuleManager: Shutting down and abandoning module ViewportSnapping (428)
[2018.02.21-02.03.44:977][886]LogModuleManager: Shutting down and abandoning module ViewportInteraction (426)
[2018.02.21-02.03.44:977][886]LogModuleManager: Shutting down and abandoning module LogVisualizer (424)
[2018.02.21-02.03.44:977][886]LogModuleManager: Shutting down and abandoning module IntroTutorials (422)
[2018.02.21-02.03.44:977][886]LogModuleManager: Shutting down and abandoning module GameProjectGeneration (421)
[2018.02.21-02.03.44:977][886]LogModuleManager: Shutting down and abandoning module EditorLiveStreaming (418)
[2018.02.21-02.03.44:977][886]LogModuleManager: Shutting down and abandoning module IOSPlatformEditor (416)
[2018.02.21-02.03.44:977][886]LogModuleManager: Shutting down and abandoning module HTML5PlatformEditor (414)
[2018.02.21-02.03.44:977][886]LogModuleManager: Shutting down and abandoning module AndroidPlatformEditor (412)
[2018.02.21-02.03.44:977][886]LogModuleManager: Shutting down and abandoning module AndroidDeviceDetection (411)
[2018.02.21-02.03.45:586][886]LogModuleManager: Shutting down and abandoning module IOSRuntimeSettings (408)
[2018.02.21-02.03.45:586][886]LogModuleManager: Shutting down and abandoning module AndroidRuntimeSettings (406)
[2018.02.21-02.03.45:586][886]LogModuleManager: Shutting down and abandoning module InputBindingEditor (404)
[2018.02.21-02.03.45:586][886]LogModuleManager: Shutting down and abandoning module NiagaraEditor (402)
[2018.02.21-02.03.45:586][886]LogModuleManager: Shutting down and abandoning module MergeActors (400)
[2018.02.21-02.03.45:586][886]LogModuleManager: Shutting down and abandoning module SizeMap (398)
[2018.02.21-02.03.45:586][886]LogModuleManager: Shutting down and abandoning module TreeMap (396)
[2018.02.21-02.03.45:586][886]LogModuleManager: Shutting down and abandoning module ReferenceViewer (394)
[2018.02.21-02.03.45:586][886]LogModuleManager: Shutting down and abandoning module LocalizationDashboard (392)
[2018.02.21-02.03.45:586][886]LogModuleManager: Shutting down and abandoning module LocalizationService (391)
[2018.02.21-02.03.45:586][886]LogModuleManager: Shutting down and abandoning module HardwareTargeting (388)
[2018.02.21-02.03.45:586][886]LogModuleManager: Shutting down and abandoning module DeviceProfileEditor (386)
[2018.02.21-02.03.45:587][886]LogModuleManager: Shutting down and abandoning module UndoHistory (384)
[2018.02.21-02.03.45:587][886]LogModuleManager: Shutting down and abandoning module UserFeedback (382)
[2018.02.21-02.03.45:587][886]LogModuleManager: Shutting down and abandoning module XmlParser (380)
[2018.02.21-02.03.45:587][886]LogModuleManager: Shutting down and abandoning module Blutility (378)
[2018.02.21-02.03.45:587][886]LogModuleManager: Shutting down and abandoning module ProjectSettingsViewer (376)
[2018.02.21-02.03.45:587][886]LogModuleManager: Shutting down and abandoning module ProjectTargetPlatformEditor (375)
[2018.02.21-02.03.45:587][886]LogModuleManager: Shutting down and abandoning module EditorSettingsViewer (372)
[2018.02.21-02.03.45:587][886]LogModuleManager: Shutting down and abandoning module SettingsEditor (370)
[2018.02.21-02.03.45:587][886]LogModuleManager: Shutting down and abandoning module ProjectLauncher (368)
[2018.02.21-02.03.45:587][886]LogModuleManager: Shutting down and abandoning module SessionFrontend (366)
[2018.02.21-02.03.45:587][886]LogModuleManager: Shutting down and abandoning module ProfilerClient (364)
[2018.02.21-02.03.45:587][886]LogModuleManager: Shutting down and abandoning module DeviceManager (362)
[2018.02.21-02.03.45:587][886]LogModuleManager: Shutting down and abandoning module TargetDeviceServices (361)
[2018.02.21-02.03.45:637][886]LogModuleManager: Shutting down and abandoning module AutomationController (358)
[2018.02.21-02.03.45:637][886]LogModuleManager: Shutting down and abandoning module AutomationWindow (356)
[2018.02.21-02.03.45:637][886]LogModuleManager: Shutting down and abandoning module Layers (354)
[2018.02.21-02.03.45:637][886]LogModuleManager: Shutting down and abandoning module ComponentVisualizers (352)
[2018.02.21-02.03.45:637][886]LogModuleManager: Shutting down and abandoning module DetailCustomizations (350)
[2018.02.21-02.03.45:637][886]LogModuleManager: Shutting down and abandoning module PackagesDialog (348)
[2018.02.21-02.03.45:637][886]LogModuleManager: Shutting down and abandoning module Persona (346)
[2018.02.21-02.03.45:637][886]LogModuleManager: Shutting down and abandoning module AnimGraph (345)
[2018.02.21-02.03.45:637][886]LogModuleManager: Shutting down and abandoning module Kismet (342)
[2018.02.21-02.03.45:637][886]LogModuleManager: Shutting down and abandoning module GraphEditor (340)
[2018.02.21-02.03.45:637][886]LogModuleManager: Shutting down and abandoning module ClassViewer (338)
[2018.02.21-02.03.45:637][886]LogModuleManager: Shutting down and abandoning module Toolbox (336)
[2018.02.21-02.03.45:637][886]LogModuleManager: Shutting down and abandoning module ModuleUI (334)
[2018.02.21-02.03.45:637][886]LogModuleManager: Shutting down and abandoning module MovieSceneTools (332)
[2018.02.21-02.03.45:637][886]LogModuleManager: Shutting down and abandoning module OutputLog (330)
[2018.02.21-02.03.45:637][886]LogModuleManager: Shutting down and abandoning module GammaUI (328)
[2018.02.21-02.03.45:637][886]LogModuleManager: Shutting down and abandoning module Documentation (326)
[2018.02.21-02.03.45:637][886]LogModuleManager: Shutting down and abandoning module Niagara (324)
[2018.02.21-02.03.45:637][886]LogModuleManager: Shutting down and abandoning module StreamingPauseRendering (322)
[2018.02.21-02.03.45:637][886]LogModuleManager: Shutting down and abandoning module AnalyticsET (320)
[2018.02.21-02.03.45:637][886]LogModuleManager: Shutting down and abandoning module PortalServices (318)
[2018.02.21-02.03.45:637][886]LogModuleManager: Shutting down and abandoning module PortalRpc (316)
[2018.02.21-02.03.45:637][886]LogModuleManager: Shutting down and abandoning module MessagingRpc (314)
[2018.02.21-02.03.45:637][886]LogModuleManager: Shutting down and abandoning module AIModule (312)
[2018.02.21-02.03.45:637][886]LogModuleManager: Shutting down and abandoning module GameplayDebugger (311)
[2018.02.21-02.03.45:637][886]LogModuleManager: Shutting down and abandoning module AITestSuite (309)
[2018.02.21-02.03.45:637][886]LogModuleManager: Shutting down and abandoning module ProfilerService (306)
[2018.02.21-02.03.45:800][886]LogModuleManager: Shutting down and abandoning module TaskGraph (304)
[2018.02.21-02.03.45:800][886]LogModuleManager: Shutting down and abandoning module SteamVRController (302)
[2018.02.21-02.03.45:800][886]LogModuleManager: Shutting down and abandoning module SteamVR (300)
[2018.02.21-02.03.45:800][886]LogModuleManager: Shutting down and abandoning module ProceduralMeshComponentEditor (298)
[2018.02.21-02.03.45:800][886]LogModuleManager: Shutting down and abandoning module ProceduralMeshComponent (296)
[2018.02.21-02.03.45:800][886]LogModuleManager: Shutting down and abandoning module OculusLibrary (294)
[2018.02.21-02.03.45:800][886]LogModuleManager: Shutting down and abandoning module OculusInput (292)
[2018.02.21-02.03.45:800][886]LogModuleManager: Shutting down and abandoning module MobilePatchingUtils (290)
[2018.02.21-02.03.45:800][886]LogModuleManager: Shutting down and abandoning module CustomMeshComponent (288)
[2018.02.21-02.03.45:800][886]LogModuleManager: Shutting down and abandoning module CableComponent (286)
[2018.02.21-02.03.45:800][886]LogModuleManager: Shutting down and abandoning module ArchVisCharacter (284)
[2018.02.21-02.03.45:800][886]LogModuleManager: Shutting down and abandoning module MediaPlayerEditor (280)
[2018.02.21-02.03.45:800][886]LogModuleManager: Shutting down and abandoning module HTML5Networking (278)
[2018.02.21-02.03.45:800][886]LogModuleManager: Shutting down and abandoning module AlembicImporter (276)
[2018.02.21-02.03.45:800][886]LogModuleManager: Shutting down and abandoning module AlembicLibrary (275)
[2018.02.21-02.03.45:800][886]LogModuleManager: Shutting down and abandoning module GeometryCache (274)
[2018.02.21-02.03.45:800][886]LogModuleManager: Shutting down and abandoning module GeometryCacheEd (273)
[2018.02.21-02.03.45:800][886]LogModuleManager: Shutting down and abandoning module SuperSearchEditor (268)
[2018.02.21-02.03.45:800][886]LogModuleManager: Shutting down and abandoning module SuperSearch (267)
[2018.02.21-02.03.45:800][886]LogModuleManager: Shutting down and abandoning module SpeedTreeImporter (264)
[2018.02.21-02.03.45:800][886]LogModuleManager: Shutting down and abandoning module PluginBrowser (262)
[2018.02.21-02.03.45:800][886]LogModuleManager: Shutting down and abandoning module MobileLauncherProfileWizard (260)
[2018.02.21-02.03.45:800][886]LogModuleManager: Shutting down and abandoning module EpicSurvey (258)
[2018.02.21-02.03.45:800][886]LogModuleManager: Shutting down and abandoning module VisualStudioSourceCodeAccess (256)
[2018.02.21-02.03.45:800][886]LogModuleManager: Shutting down and abandoning module DesktopPlatform (255)
[2018.02.21-02.03.45:800][886]LogModuleManager: Shutting down and abandoning module UObjectPlugin (252)
[2018.02.21-02.03.45:800][886]LogModuleManager: Shutting down and abandoning module SubversionSourceControl (250)
[2018.02.21-02.03.45:800][886]LogModuleManager: Shutting down and abandoning module PerforceSourceControl (248)
[2018.02.21-02.03.45:800][886]LogModuleManager: Shutting down and abandoning module GitSourceControl (246)
[2018.02.21-02.03.45:800][886]LogModuleManager: Shutting down and abandoning module SourceControl (245)
[2018.02.21-02.03.45:800][886]LogModuleManager: Shutting down and abandoning module LightPropagationVolumeEditor (242)
[2018.02.21-02.03.45:800][886]LogModuleManager: Shutting down and abandoning module PaperTiledImporter (240)
[2018.02.21-02.03.45:800][886]LogModuleManager: Shutting down and abandoning module PaperSpriteSheetImporter (238)
[2018.02.21-02.03.45:801][886]LogModuleManager: Shutting down and abandoning module Paper2DEditor (236)
[2018.02.21-02.03.45:801][886]LogModuleManager: Shutting down and abandoning module MeshPaint (235)
[2018.02.21-02.03.45:801][886]LogModuleManager: Shutting down and abandoning module LevelEditor (233)
[2018.02.21-02.03.45:802][886]LogModuleManager: Shutting down and abandoning module PixelInspectorModule (232)
[2018.02.21-02.03.45:802][886]LogModuleManager: Shutting down and abandoning module MainFrame (230)
[2018.02.21-02.03.45:802][886]LogModuleManager: Shutting down and abandoning module HotReload (229)
[2018.02.21-02.03.45:802][886]LogModuleManager: Shutting down and abandoning module ContentBrowser (225)
[2018.02.21-02.03.45:803][886]LogModuleManager: Shutting down and abandoning module PhysXVehiclesEditor (222)
[2018.02.21-02.03.45:803][886]LogModuleManager: Shutting down and abandoning module PhysXVehicles (220)
[2018.02.21-02.03.45:803][886]LogModuleManager: Shutting down and abandoning module LocationServicesBPLibrary (218)
[2018.02.21-02.03.45:803][886]LogModuleManager: Shutting down and abandoning module UdpMessaging (216)
[2018.02.21-02.03.45:903][886]LogModuleManager: Shutting down and abandoning module TcpMessaging (214)
[2018.02.21-02.03.46:003][886]LogModuleManager: Shutting down and abandoning module GameplayTagsEditor (212)
[2018.02.21-02.03.46:003][886]LogModuleManager: Shutting down and abandoning module FacialAnimationEditor (210)
[2018.02.21-02.03.46:003][886]LogModuleManager: Shutting down and abandoning module FacialAnimation (208)
[2018.02.21-02.03.46:003][886]LogModuleManager: Shutting down and abandoning module LightPropagationVolumeRuntime (206)
[2018.02.21-02.03.46:003][886]LogModuleManager: Shutting down and abandoning module Paper2D (204)
[2018.02.21-02.03.46:003][886]LogModuleManager: Shutting down and abandoning module WindowsMoviePlayer (202)
[2018.02.21-02.03.46:003][886]LogModuleManager: Shutting down and abandoning module WmfMedia (200)
[2018.02.21-02.03.46:004][886]LogModuleManager: Shutting down and abandoning module MfMedia (198)
[2018.02.21-02.03.46:004][886]LogModuleManager: Shutting down and abandoning module MediaAssets (196)
[2018.02.21-02.03.46:004][886]LogModuleManager: Shutting down and abandoning module GameLiveStreaming (194)
[2018.02.21-02.03.46:004][886]LogModuleManager: Shutting down and abandoning module VREditor (192)
[2018.02.21-02.03.46:004][886]LogModuleManager: Shutting down and abandoning module GameplayTasksEditor (190)
[2018.02.21-02.03.46:004][886]LogModuleManager: Shutting down and abandoning module BehaviorTreeEditor (188)
[2018.02.21-02.03.46:004][886]LogModuleManager: Shutting down and abandoning module FunctionalTesting (186)
[2018.02.21-02.03.46:004][886]LogModuleManager: Shutting down and abandoning module CollisionAnalyzer (184)
[2018.02.21-02.03.46:004][886]LogModuleManager: Shutting down and abandoning module UMG (182)
[2018.02.21-02.03.46:004][886]LogModuleManager: Shutting down and abandoning module UMGEditor (181)
[2018.02.21-02.03.46:004][886]LogModuleManager: Shutting down and abandoning module Sequencer (180)
[2018.02.21-02.03.46:004][886]LogModuleManager: Shutting down and abandoning module AssetTools (178)
[2018.02.21-02.03.46:004][886]LogModuleManager: Shutting down and abandoning module MessageLog (177)
[2018.02.21-02.03.46:004][886]LogModuleManager: Shutting down and abandoning module WorkspaceMenuStructure (176)
[2018.02.21-02.03.46:004][886]LogModuleManager: Shutting down and abandoning module SlateReflector (170)
[2018.02.21-02.03.46:004][886]LogModuleManager: Shutting down and abandoning module Slate (168)
[2018.02.21-02.03.46:004][886]LogModuleManager: Shutting down and abandoning module EditorStyle (166)
[2018.02.21-02.03.46:006][886]LogModuleManager: Shutting down and abandoning module SourceCodeAccess (164)
[2018.02.21-02.03.46:006][886]LogModuleManager: Shutting down and abandoning module HeadMountedDisplay (162)
[2018.02.21-02.03.46:006][886]LogModuleManager: Shutting down and abandoning module XAudio2 (160)
[2018.02.21-02.03.46:006][886]LogModuleManager: Shutting down and abandoning module Networking (158)
[2018.02.21-02.03.46:006][886]LogModuleManager: Shutting down and abandoning module Core (154)
[2018.02.21-02.03.46:006][886]LogModuleManager: Shutting down and abandoning module AssetRegistry (152)
[2018.02.21-02.03.46:137][886]LogDirectoryWatcher: A directory notification for '../../../Engine/Content/' was aborted.
[2018.02.21-02.03.46:137][886]LogDirectoryWatcher: A directory notification for 'E:/UnrealProjectss/SideScrollGame3D/1/SideScrollGame8 - Importing Character Model/Content/' was aborted.
[2018.02.21-02.03.46:137][886]LogDirectoryWatcher: A directory notification for '../../../Engine/Plugins/2D/Paper2D/Content/' was aborted.
[2018.02.21-02.03.46:138][886]LogModuleManager: Shutting down and abandoning module DirectoryWatcher (151)
[2018.02.21-02.03.46:138][886]LogModuleManager: Shutting down and abandoning module KismetCompiler (148)
[2018.02.21-02.03.46:138][886]LogModuleManager: Shutting down and abandoning module PhysXFormats (146)
[2018.02.21-02.03.46:138][886]LogModuleManager: Shutting down and abandoning module MeshUtilities (144)
[2018.02.21-02.03.46:138][886]LogModuleManager: Shutting down and abandoning module SimplygonSwarm (143)
[2018.02.21-02.03.46:138][886]LogModuleManager: Shutting down and abandoning module SimplygonMeshReduction (141)
[2018.02.21-02.03.46:138][886]LogModuleManager: Shutting down and abandoning module QuadricMeshReduction (139)
[2018.02.21-02.03.46:138][886]LogModuleManager: Shutting down and abandoning module PropertyEditor (137)
[2018.02.21-02.03.46:138][886]LogModuleManager: Shutting down and abandoning module DerivedDataCache (134)
[2018.02.21-02.03.46:154][886]LogDerivedDataCache: Shutdown
[2018.02.21-02.03.46:154][886]LogModuleManager: Shutting down and abandoning module TargetPlatform (132)
[2018.02.21-02.03.46:154][886]LogModuleManager: Shutting down and abandoning module VulkanShaderFormat (131)
[2018.02.21-02.03.46:154][886]LogModuleManager: Shutting down and abandoning module ShaderFormatOpenGL (129)
[2018.02.21-02.03.46:154][886]LogModuleManager: Shutting down and abandoning module ShaderFormatD3D (127)
[2018.02.21-02.03.46:154][886]LogModuleManager: Shutting down and abandoning module MetalShaderFormat (125)
[2018.02.21-02.03.46:154][886]LogModuleManager: Shutting down and abandoning module TextureFormatUncompressed (123)
[2018.02.21-02.03.46:154][886]LogModuleManager: Shutting down and abandoning module TextureFormatPVR (121)
[2018.02.21-02.03.46:154][886]LogModuleManager: Shutting down and abandoning module TextureFormatDXT (119)
[2018.02.21-02.03.46:154][886]LogModuleManager: Shutting down and abandoning module TextureFormatIntelISPCTexComp (117)
[2018.02.21-02.03.46:154][886]LogModuleManager: Shutting down and abandoning module TextureFormatASTC (115)
[2018.02.21-02.03.46:154][886]LogModuleManager: Shutting down and abandoning module ImageWrapper (114)
[2018.02.21-02.03.46:154][886]LogModuleManager: Shutting down and abandoning module TextureFormatAndroid (111)
[2018.02.21-02.03.46:154][886]LogModuleManager: Shutting down and abandoning module AudioFormatOpus (109)
[2018.02.21-02.03.46:154][886]LogModuleManager: Shutting down and abandoning module AudioFormatOgg (107)
[2018.02.21-02.03.46:154][886]LogModuleManager: Shutting down and abandoning module AudioFormatADPCM (105)
[2018.02.21-02.03.46:154][886]LogModuleManager: Shutting down and abandoning module LinuxTargetPlatform (103)
[2018.02.21-02.03.46:154][886]LogModuleManager: Shutting down and abandoning module LinuxServerTargetPlatform (101)
[2018.02.21-02.03.46:154][886]LogModuleManager: Shutting down and abandoning module LinuxNoEditorTargetPlatform (99)
[2018.02.21-02.03.46:154][886]LogModuleManager: Shutting down and abandoning module LinuxClientTargetPlatform (97)
[2018.02.21-02.03.46:154][886]LogModuleManager: Shutting down and abandoning module TVOSTargetPlatform (95)
[2018.02.21-02.03.46:154][886]LogModuleManager: Shutting down and abandoning module Messaging (93)
[2018.02.21-02.03.46:154][886]LogModuleManager: Shutting down and abandoning module IOSTargetPlatform (91)
[2018.02.21-02.03.46:154][886]LogModuleManager: Shutting down and abandoning module HTML5TargetPlatform (89)
[2018.02.21-02.03.46:154][886]LogModuleManager: Shutting down and abandoning module Android_PVRTCTargetPlatform (87)
[2018.02.21-02.03.46:154][886]LogModuleManager: Shutting down and abandoning module Android_MultiTargetPlatform (85)
[2018.02.21-02.03.46:154][886]LogModuleManager: Shutting down and abandoning module Android_ETC2TargetPlatform (83)
[2018.02.21-02.03.46:154][886]LogModuleManager: Shutting down and abandoning module Android_ETC1TargetPlatform (81)
[2018.02.21-02.03.46:154][886]LogModuleManager: Shutting down and abandoning module Android_DXTTargetPlatform (79)
[2018.02.21-02.03.46:154][886]LogModuleManager: Shutting down and abandoning module Android_ATCTargetPlatform (77)
[2018.02.21-02.03.46:154][886]LogModuleManager: Shutting down and abandoning module Android_ASTCTargetPlatform (75)
[2018.02.21-02.03.46:154][886]LogModuleManager: Shutting down and abandoning module AndroidTargetPlatform (73)
[2018.02.21-02.03.46:154][886]LogModuleManager: Shutting down and abandoning module WindowsTargetPlatform (71)
[2018.02.21-02.03.46:154][886]LogModuleManager: Shutting down and abandoning module WindowsServerTargetPlatform (69)
[2018.02.21-02.03.46:154][886]LogModuleManager: Shutting down and abandoning module WindowsNoEditorTargetPlatform (67)
[2018.02.21-02.03.46:154][886]LogModuleManager: Shutting down and abandoning module WindowsClientTargetPlatform (65)
[2018.02.21-02.03.46:154][886]LogModuleManager: Shutting down and abandoning module MacTargetPlatform (63)
[2018.02.21-02.03.46:154][886]LogModuleManager: Shutting down and abandoning module MacServerTargetPlatform (61)
[2018.02.21-02.03.46:154][886]LogModuleManager: Shutting down and abandoning module MacNoEditorTargetPlatform (59)
[2018.02.21-02.03.46:154][886]LogModuleManager: Shutting down and abandoning module MacClientTargetPlatform (57)
[2018.02.21-02.03.46:154][886]LogModuleManager: Shutting down and abandoning module AllDesktopTargetPlatform (55)
[2018.02.21-02.03.46:154][886]LogModuleManager: Shutting down and abandoning module InputCore (52)
[2018.02.21-02.03.46:154][886]LogModuleManager: Shutting down and abandoning module Settings (50)
[2018.02.21-02.03.46:155][886]LogModuleManager: Shutting down and abandoning module OculusRift (48)
[2018.02.21-02.03.46:155][886]LogModuleManager: Shutting down and abandoning module GearVR (46)
[2018.02.21-02.03.46:155][886]LogModuleManager: Shutting down and abandoning module ExampleDeviceProfileSelector (44)
[2018.02.21-02.03.46:155][886]LogModuleManager: Shutting down and abandoning module OnlineBlueprintSupport (42)
[2018.02.21-02.03.46:155][886]LogModuleManager: Shutting down and abandoning module OnlineSubsystem (38)
[2018.02.21-02.03.46:155][886]LogOnline:Display: Unloading online subsystem: NULL
[2018.02.21-02.03.46:155][886]LogModuleManager: Shutting down and abandoning module XMPP (37)
[2018.02.21-02.03.46:155][886]LogModuleManager: Shutting down and abandoning module HTTP (35)
[2018.02.21-02.03.46:155][886]LogHttp:Display: Http module shutting down, but needs to wait on 1 outstanding Http requests:
[2018.02.21-02.03.46:155][886]LogHttp:Display: 	verb=[POST] url=[https://datarouter.ol.epicgames.com/datarouter/api/v1/public/data?SessionID=%7BB2B48566-4D05-CBB5-DCBE-73BE661E7EF5%7D&AppID=UEEditor.Rocket.Release&AppVersion=4.15.3-3450819%2B%2B%2BUE4%2BRelease-4.15&UserID=4ca3a00540f8b6bca41fbfad8877178f%7C50a9b6c8bde2400397122eb5880395dc%7C25b75f3d-dbc9-4aec-98cc-52ea1d2d8271&AppEnvironment=datacollector-binary&UploadType=eteventstream] status=Processing
[2018.02.21-02.03.46:187][886]LogModuleManager: Shutting down and abandoning module SSL (34)
[2018.02.21-02.03.46:188][886]LogModuleManager: Shutting down and abandoning module AudioEditor (30)
[2018.02.21-02.03.46:188][886]LogModuleManager: Shutting down and abandoning module TextureCompressor (28)
[2018.02.21-02.03.46:188][886]LogModuleManager: Shutting down and abandoning module ShaderCore (26)
[2018.02.21-02.03.46:188][886]LogModuleManager: Shutting down and abandoning module Landscape (24)
[2018.02.21-02.03.46:188][886]LogModuleManager: Shutting down and abandoning module SlateRHIRenderer (22)
[2018.02.21-02.03.46:189][886]LogModuleManager: Shutting down and abandoning module OpenGLDrv (20)
[2018.02.21-02.03.46:189][886]LogModuleManager: Shutting down and abandoning module D3D11RHI (18)
[2018.02.21-02.03.46:189][886]LogModuleManager: Shutting down and abandoning module AnimGraphRuntime (16)
[2018.02.21-02.03.46:189][886]LogModuleManager: Shutting down and abandoning module Renderer (14)
[2018.02.21-02.03.46:189][886]LogModuleManager: Shutting down and abandoning module Engine (12)
[2018.02.21-02.03.46:189][886]LogModuleManager: Shutting down and abandoning module CoreUObject (10)
[2018.02.21-02.03.46:189][886]LogModuleManager: Shutting down and abandoning module NetworkFile (8)
[2018.02.21-02.03.46:189][886]LogModuleManager: Shutting down and abandoning module StreamingFile (6)
[2018.02.21-02.03.46:189][886]LogModuleManager: Shutting down and abandoning module SandboxFile (4)
[2018.02.21-02.03.46:189][886]LogModuleManager: Shutting down and abandoning module PakFile (2)
[2018.02.21-02.03.46:192][886]LogExit: Exiting.
[2018.02.21-02.03.46:201][886]Log file closed, 02/21/18 11:03:46
